<?xml version="1.0" encoding="UTF-8"?>
<!-- Generated by org.testng.reporters.JUnitXMLReporter -->
<testsuite hostname="xiaosu-PC" ignored="0" name="Default test" tests="3" failures="0" timestamp="16 七月 2018 07:53:44 GMT" time="1.258" errors="0">
  <testcase name="getCookies" time="1.214" classname="com.xiaosu.testng.getCookiesByCookieStore2"/>
  <testcase name="getCookies" time="1.214" classname="com.xiaosu.testng.getCookiesByCookieStore2"/>
  <testcase name="getCookies" time="1.213" classname="com.xiaosu.testng.getCookiesByCookieStore2"/>
</testsuite> <!-- Default test -->
