<?xml version="1.0" encoding="UTF-8"?>
<testng-results skipped="0" failed="0" ignored="0" total="3" passed="3">
  <reporter-output>
  </reporter-output>
  <suite name="Default suite" duration-ms="1258" started-at="2018-07-16T07:53:43Z" finished-at="2018-07-16T07:53:44Z">
    <groups>
    </groups>
    <test name="Default test" duration-ms="1258" started-at="2018-07-16T07:53:43Z" finished-at="2018-07-16T07:53:44Z">
      <class name="com.xiaosu.testng.getCookiesByCookieStore2">
        <test-method status="PASS" signature="getCookies()[pri:0, instance:com.xiaosu.testng.getCookiesByCookieStore2@d992b2]" name="getCookies" duration-ms="1214" started-at="2018-07-16T15:53:43Z" finished-at="2018-07-16T15:53:44Z">
          <reporter-output>
          </reporter-output>
        </test-method> <!-- getCookies -->
        <test-method status="PASS" signature="getCookies()[pri:0, instance:com.xiaosu.testng.getCookiesByCookieStore2@d992b2]" name="getCookies" duration-ms="1214" started-at="2018-07-16T15:53:43Z" finished-at="2018-07-16T15:53:44Z">
          <reporter-output>
          </reporter-output>
        </test-method> <!-- getCookies -->
        <test-method status="PASS" signature="getCookies()[pri:0, instance:com.xiaosu.testng.getCookiesByCookieStore2@d992b2]" name="getCookies" duration-ms="1213" started-at="2018-07-16T15:53:43Z" finished-at="2018-07-16T15:53:44Z">
          <reporter-output>
          </reporter-output>
        </test-method> <!-- getCookies -->
      </class> <!-- com.xiaosu.testng.getCookiesByCookieStore2 -->
    </test> <!-- Default test -->
  </suite> <!-- Default suite -->
</testng-results>
